# JRE version: OpenJDK Runtime Environment (11.0.12+7) (build 11.0.12+7-b1504.28-7817840)
# Java VM: OpenJDK 64-Bit Server VM (11.0.12+7-b1504.28-7817840, mixed mode, tiered, compressed oops, g1 gc, windows-amd64)
Heap:
 garbage-first heap   total 131072K, used 90926K [0x00000000a0000000, 0x0000000100000000)
  region size 1024K, 4 young (4096K), 2 survivors (2048K)
 Metaspace       used 86047K, capacity 88439K, committed 88616K, reserved 1126400K
  class space    used 11389K, capacity 12287K, committed 12288K, reserved 1048576K
GC Heap History (20 events):
Event: 94.238 GC heap before
{Heap before GC invocations=21 (full 0):
 garbage-first heap   total 131072K, used 106296K [0x00000000a0000000, 0x0000000100000000)
  region size 1024K, 45 young (46080K), 7 survivors (7168K)
 Metaspace       used 67975K, capacity 69693K, committed 69800K, reserved 1110016K
  class space    used 8645K, capacity 9302K, committed 9344K, reserved 1048576K
}
Event: 94.261 GC heap after
{Heap after GC invocations=22 (full 0):
 garbage-first heap   total 131072K, used 69730K [0x00000000a0000000, 0x0000000100000000)
  region size 1024K, 3 young (3072K), 3 survivors (3072K)
 Metaspace       used 67975K, capacity 69693K, committed 69800K, reserved 1110016K
  class space    used 8645K, capacity 9302K, committed 9344K, reserved 1048576K
}
Event: 95.542 GC heap before
{Heap before GC invocations=23 (full 0):
 garbage-first heap   total 131072K, used 106594K [0x00000000a0000000, 0x0000000100000000)
  region size 1024K, 39 young (39936K), 3 survivors (3072K)
 Metaspace       used 69394K, capacity 71356K, committed 71592K, reserved 1112064K
  class space    used 8827K, capacity 9516K, committed 9600K, reserved 1048576K
}
Event: 95.558 GC heap after
{Heap after GC invocations=24 (full 0):
 garbage-first heap   total 131072K, used 72000K [0x00000000a0000000, 0x0000000100000000)
  region size 1024K, 5 young (5120K), 5 survivors (5120K)
 Metaspace       used 69394K, capacity 71356K, committed 71592K, reserved 1112064K
  class space    used 8827K, capacity 9516K, committed 9600K, reserved 1048576K
}
Event: 98.540 GC heap before
{Heap before GC invocations=24 (full 0):
 garbage-first heap   total 131072K, used 107840K [0x00000000a0000000, 0x0000000100000000)
  region size 1024K, 40 young (40960K), 5 survivors (5120K)
 Metaspace       used 73080K, capacity 75077K, committed 75304K, reserved 1114112K
  class space    used 9485K, capacity 10176K, committed 10240K, reserved 1048576K
}
Event: 98.559 GC heap after
{Heap after GC invocations=25 (full 0):
 garbage-first heap   total 131072K, used 74260K [0x00000000a0000000, 0x0000000100000000)
  region size 1024K, 5 young (5120K), 5 survivors (5120K)
 Metaspace       used 73080K, capacity 75077K, committed 75304K, reserved 1114112K
  class space    used 9485K, capacity 10176K, committed 10240K, reserved 1048576K
}
Event: 99.764 GC heap before
{Heap before GC invocations=26 (full 0):
 garbage-first heap   total 131072K, used 109076K [0x00000000a0000000, 0x0000000100000000)
  region size 1024K, 39 young (39936K), 5 survivors (5120K)
 Metaspace       used 74662K, capacity 76655K, committed 76840K, reserved 1116160K
  class space    used 9703K, capacity 10467K, committed 10496K, reserved 1048576K
}
Event: 99.784 GC heap after
{Heap after GC invocations=27 (full 0):
 garbage-first heap   total 131072K, used 77168K [0x00000000a0000000, 0x0000000100000000)
  region size 1024K, 5 young (5120K), 5 survivors (5120K)
 Metaspace       used 74662K, capacity 76655K, committed 76840K, reserved 1116160K
  class space    used 9703K, capacity 10467K, committed 10496K, reserved 1048576K
}
Event: 100.531 GC heap before
{Heap before GC invocations=27 (full 0):
 garbage-first heap   total 131072K, used 108912K [0x00000000a0000000, 0x0000000100000000)
  region size 1024K, 36 young (36864K), 5 survivors (5120K)
 Metaspace       used 75757K, capacity 77861K, committed 78120K, reserved 1116160K
  class space    used 9885K, capacity 10666K, committed 10752K, reserved 1048576K
}
Event: 100.572 GC heap after
{Heap after GC invocations=28 (full 0):
 garbage-first heap   total 131072K, used 80411K [0x00000000a0000000, 0x0000000100000000)
  region size 1024K, 3 young (3072K), 3 survivors (3072K)
 Metaspace       used 75757K, capacity 77861K, committed 78120K, reserved 1116160K
  class space    used 9885K, capacity 10666K, committed 10752K, reserved 1048576K
}
Event: 102.277 GC heap before
{Heap before GC invocations=29 (full 0):
 garbage-first heap   total 131072K, used 110107K [0x00000000a0000000, 0x0000000100000000)
  region size 1024K, 32 young (32768K), 3 survivors (3072K)
 Metaspace       used 78301K, capacity 80527K, committed 80808K, reserved 1120256K
  class space    used 10272K, capacity 11079K, committed 11136K, reserved 1048576K
}
Event: 102.289 GC heap after
{Heap after GC invocations=30 (full 0):
 garbage-first heap   total 131072K, used 82543K [0x00000000a0000000, 0x0000000100000000)
  region size 1024K, 2 young (2048K), 2 survivors (2048K)
 Metaspace       used 78301K, capacity 80527K, committed 80808K, reserved 1120256K
  class space    used 10272K, capacity 11079K, committed 11136K, reserved 1048576K
}
Event: 104.154 GC heap before
{Heap before GC invocations=30 (full 0):
 garbage-first heap   total 131072K, used 110191K [0x00000000a0000000, 0x0000000100000000)
  region size 1024K, 29 young (29696K), 2 survivors (2048K)
 Metaspace       used 81726K, capacity 84020K, committed 84136K, reserved 1122304K
  class space    used 10734K, capacity 11548K, committed 11648K, reserved 1048576K
}
Event: 104.168 GC heap after
{Heap after GC invocations=31 (full 0):
 garbage-first heap   total 131072K, used 83699K [0x00000000a0000000, 0x0000000100000000)
  region size 1024K, 4 young (4096K), 4 survivors (4096K)
 Metaspace       used 81726K, capacity 84020K, committed 84136K, reserved 1122304K
  class space    used 10734K, capacity 11548K, committed 11648K, reserved 1048576K
}
Event: 105.519 GC heap before
{Heap before GC invocations=32 (full 0):
 garbage-first heap   total 131072K, used 110323K [0x00000000a0000000, 0x0000000100000000)
  region size 1024K, 30 young (30720K), 4 survivors (4096K)
 Metaspace       used 83425K, capacity 85606K, committed 85800K, reserved 1124352K
  class space    used 10944K, capacity 11772K, committed 11776K, reserved 1048576K
}
Event: 105.535 GC heap after
{Heap after GC invocations=33 (full 0):
 garbage-first heap   total 131072K, used 86227K [0x00000000a0000000, 0x0000000100000000)
  region size 1024K, 4 young (4096K), 4 survivors (4096K)
 Metaspace       used 83425K, capacity 85606K, committed 85800K, reserved 1124352K
  class space    used 10944K, capacity 11772K, committed 11776K, reserved 1048576K
}
Event: 106.522 GC heap before
{Heap before GC invocations=33 (full 0):
 garbage-first heap   total 131072K, used 109779K [0x00000000a0000000, 0x0000000100000000)
  region size 1024K, 28 young (28672K), 4 survivors (4096K)
 Metaspace       used 85184K, capacity 87571K, committed 87720K, reserved 1124352K
  class space    used 11242K, capacity 12104K, committed 12160K, reserved 1048576K
}
Event: 106.545 GC heap after
{Heap after GC invocations=34 (full 0):
 garbage-first heap   total 131072K, used 88787K [0x00000000a0000000, 0x0000000100000000)
  region size 1024K, 3 young (3072K), 3 survivors (3072K)
 Metaspace       used 85184K, capacity 87571K, committed 87720K, reserved 1124352K
  class space    used 11242K, capacity 12104K, committed 12160K, reserved 1048576K
}
Event: 107.547 GC heap before
{Heap before GC invocations=35 (full 0):
 garbage-first heap   total 131072K, used 110291K [0x00000000a0000000, 0x0000000100000000)
  region size 1024K, 25 young (25600K), 3 survivors (3072K)
 Metaspace       used 85863K, capacity 88281K, committed 88360K, reserved 1126400K
  class space    used 11369K, capacity 12274K, committed 12288K, reserved 1048576K
}
Event: 107.559 GC heap after
{Heap after GC invocations=36 (full 0):
 garbage-first heap   total 131072K, used 89902K [0x00000000a0000000, 0x0000000100000000)
  region size 1024K, 2 young (2048K), 2 survivors (2048K)
 Metaspace       used 85863K, capacity 88281K, committed 88360K, reserved 1126400K
  class space    used 11369K, capacity 12274K, committed 12288K, reserved 1048576K
}

